  Building Custom Rule D:/OpenGl/opengl/GLFW_GLAD_GLUT_GLEW_cmake_project/src/Hello_Window/CMakeLists.txt
  glad.c
  main.cpp
glfw3.lib(init.obj) : warning LNK4099: no se encontró PDB 'glfw.pdb' con 'glfw3.lib(init.obj)' o en 'D:\OpenGl\opengl\GLFW_GLAD_GLUT_GLEW_cmake_project\build\mak.vc16\x64\src\Hello_Window\Debug\glfw.pdb'; se vinculará el objeto sin tener en cuenta información de depuración
glfw3.lib(window.obj) : warning LNK4099: no se encontró PDB 'glfw.pdb' con 'glfw3.lib(window.obj)' o en 'D:\OpenGl\opengl\GLFW_GLAD_GLUT_GLEW_cmake_project\build\mak.vc16\x64\src\Hello_Window\Debug\glfw.pdb'; se vinculará el objeto sin tener en cuenta información de depuración
glfw3.lib(input.obj) : warning LNK4099: no se encontró PDB 'glfw.pdb' con 'glfw3.lib(input.obj)' o en 'D:\OpenGl\opengl\GLFW_GLAD_GLUT_GLEW_cmake_project\build\mak.vc16\x64\src\Hello_Window\Debug\glfw.pdb'; se vinculará el objeto sin tener en cuenta información de depuración
glfw3.lib(context.obj) : warning LNK4099: no se encontró PDB 'glfw.pdb' con 'glfw3.lib(context.obj)' o en 'D:\OpenGl\opengl\GLFW_GLAD_GLUT_GLEW_cmake_project\build\mak.vc16\x64\src\Hello_Window\Debug\glfw.pdb'; se vinculará el objeto sin tener en cuenta información de depuración
glfw3.lib(win32_init.obj) : warning LNK4099: no se encontró PDB 'glfw.pdb' con 'glfw3.lib(win32_init.obj)' o en 'D:\OpenGl\opengl\GLFW_GLAD_GLUT_GLEW_cmake_project\build\mak.vc16\x64\src\Hello_Window\Debug\glfw.pdb'; se vinculará el objeto sin tener en cuenta información de depuración
glfw3.lib(win32_monitor.obj) : warning LNK4099: no se encontró PDB 'glfw.pdb' con 'glfw3.lib(win32_monitor.obj)' o en 'D:\OpenGl\opengl\GLFW_GLAD_GLUT_GLEW_cmake_project\build\mak.vc16\x64\src\Hello_Window\Debug\glfw.pdb'; se vinculará el objeto sin tener en cuenta información de depuración
glfw3.lib(win32_time.obj) : warning LNK4099: no se encontró PDB 'glfw.pdb' con 'glfw3.lib(win32_time.obj)' o en 'D:\OpenGl\opengl\GLFW_GLAD_GLUT_GLEW_cmake_project\build\mak.vc16\x64\src\Hello_Window\Debug\glfw.pdb'; se vinculará el objeto sin tener en cuenta información de depuración
glfw3.lib(win32_thread.obj) : warning LNK4099: no se encontró PDB 'glfw.pdb' con 'glfw3.lib(win32_thread.obj)' o en 'D:\OpenGl\opengl\GLFW_GLAD_GLUT_GLEW_cmake_project\build\mak.vc16\x64\src\Hello_Window\Debug\glfw.pdb'; se vinculará el objeto sin tener en cuenta información de depuración
glfw3.lib(monitor.obj) : warning LNK4099: no se encontró PDB 'glfw.pdb' con 'glfw3.lib(monitor.obj)' o en 'D:\OpenGl\opengl\GLFW_GLAD_GLUT_GLEW_cmake_project\build\mak.vc16\x64\src\Hello_Window\Debug\glfw.pdb'; se vinculará el objeto sin tener en cuenta información de depuración
glfw3.lib(vulkan.obj) : warning LNK4099: no se encontró PDB 'glfw.pdb' con 'glfw3.lib(vulkan.obj)' o en 'D:\OpenGl\opengl\GLFW_GLAD_GLUT_GLEW_cmake_project\build\mak.vc16\x64\src\Hello_Window\Debug\glfw.pdb'; se vinculará el objeto sin tener en cuenta información de depuración
glfw3.lib(win32_window.obj) : warning LNK4099: no se encontró PDB 'glfw.pdb' con 'glfw3.lib(win32_window.obj)' o en 'D:\OpenGl\opengl\GLFW_GLAD_GLUT_GLEW_cmake_project\build\mak.vc16\x64\src\Hello_Window\Debug\glfw.pdb'; se vinculará el objeto sin tener en cuenta información de depuración
glfw3.lib(win32_joystick.obj) : warning LNK4099: no se encontró PDB 'glfw.pdb' con 'glfw3.lib(win32_joystick.obj)' o en 'D:\OpenGl\opengl\GLFW_GLAD_GLUT_GLEW_cmake_project\build\mak.vc16\x64\src\Hello_Window\Debug\glfw.pdb'; se vinculará el objeto sin tener en cuenta información de depuración
glfw3.lib(wgl_context.obj) : warning LNK4099: no se encontró PDB 'glfw.pdb' con 'glfw3.lib(wgl_context.obj)' o en 'D:\OpenGl\opengl\GLFW_GLAD_GLUT_GLEW_cmake_project\build\mak.vc16\x64\src\Hello_Window\Debug\glfw.pdb'; se vinculará el objeto sin tener en cuenta información de depuración
glfw3.lib(egl_context.obj) : warning LNK4099: no se encontró PDB 'glfw.pdb' con 'glfw3.lib(egl_context.obj)' o en 'D:\OpenGl\opengl\GLFW_GLAD_GLUT_GLEW_cmake_project\build\mak.vc16\x64\src\Hello_Window\Debug\glfw.pdb'; se vinculará el objeto sin tener en cuenta información de depuración
glfw3.lib(osmesa_context.obj) : warning LNK4099: no se encontró PDB 'glfw.pdb' con 'glfw3.lib(osmesa_context.obj)' o en 'D:\OpenGl\opengl\GLFW_GLAD_GLUT_GLEW_cmake_project\build\mak.vc16\x64\src\Hello_Window\Debug\glfw.pdb'; se vinculará el objeto sin tener en cuenta información de depuración
LINK : warning LNK4098: la biblioteca predeterminada'LIBCMTD' entra en conflicto con otras bibliotecas; use la biblioteca /NODEFAULTLIB:biblioteca
  Hello_Window.vcxproj -> D:\OpenGl\opengl\GLFW_GLAD_GLUT_GLEW_cmake_project\build\mak.vc16\x64\src\Hello_Window\Debug\Hello_Window.exe
